app/build/intermediates/manifest_merge_blame_file/debug/processDebugMainManifest/manifest-merger-blame-debug-report.txt
1<?xml version="1.0" encoding="utf-8"?>
2<manifest xmlns:android="http://schemas.android.com/apk/res/android"
3    package="com.mg4.control"
4    android:sharedUserId="android.uid.system"
5    android:versionCode="11"
6    android:versionName="2.5.2" >
7
8    <uses-sdk
9        android:minSdkVersion="28"
10        android:targetSdkVersion="34" />
11
12    <!-- Permissions — same as original DriveHub Dort -->
13    <uses-permission android:name="android.permission.SYSTEM_ALERT_WINDOW" />
13-->src\main\AndroidManifest.xml:6:5-78
13-->src\main\AndroidManifest.xml:6:22-75
14    <uses-permission android:name="android.permission.FOREGROUND_SERVICE" />
14-->src\main\AndroidManifest.xml:7:5-77
14-->src\main\AndroidManifest.xml:7:22-74
15    <uses-permission android:name="android.permission.WAKE_LOCK" />
15-->src\main\AndroidManifest.xml:8:5-68
15-->src\main\AndroidManifest.xml:8:22-65
16    <uses-permission android:name="android.permission.RECEIVE_BOOT_COMPLETED" />
16-->src\main\AndroidManifest.xml:9:5-81
16-->src\main\AndroidManifest.xml:9:22-78
17    <!-- Vehicle control permissions (Android Automotive / SAIC) -->
18    <uses-permission android:name="android.car.permission.CAR_ENERGY" />
18-->src\main\AndroidManifest.xml:11:5-73
18-->src\main\AndroidManifest.xml:11:22-70
19    <uses-permission android:name="android.car.permission.CAR_POWERTRAIN" />
19-->src\main\AndroidManifest.xml:12:5-77
19-->src\main\AndroidManifest.xml:12:22-74
20    <uses-permission android:name="android.car.permission.CAR_VENDOR_EXTENSION" />
20-->src\main\AndroidManifest.xml:13:5-83
20-->src\main\AndroidManifest.xml:13:22-80
21    <uses-permission android:name="android.car.permission.CONTROL_CAR_CLIMATE" />
21-->src\main\AndroidManifest.xml:14:5-82
21-->src\main\AndroidManifest.xml:14:22-79
22    <!-- Mise à jour automatique -->
23    <uses-permission android:name="android.permission.INTERNET" />
23-->src\main\AndroidManifest.xml:16:5-67
23-->src\main\AndroidManifest.xml:16:22-64
24    <uses-permission android:name="android.permission.ACCESS_NETWORK_STATE" />
24-->src\main\AndroidManifest.xml:17:5-79
24-->src\main\AndroidManifest.xml:17:22-76
25    <uses-permission android:name="android.permission.INSTALL_PACKAGES" />
25-->src\main\AndroidManifest.xml:18:5-75
25-->src\main\AndroidManifest.xml:18:22-72
26
27    <permission
27-->[androidx.core:core:1.13.1] AndroidManifest.xml:22:5-24:47
28        android:name="com.mg4.control.DYNAMIC_RECEIVER_NOT_EXPORTED_PERMISSION"
28-->[androidx.core:core:1.13.1] AndroidManifest.xml:23:9-81
29        android:protectionLevel="signature" />
29-->[androidx.core:core:1.13.1] AndroidManifest.xml:24:9-44
30
31    <uses-permission android:name="com.mg4.control.DYNAMIC_RECEIVER_NOT_EXPORTED_PERMISSION" />
31-->[androidx.core:core:1.13.1] AndroidManifest.xml:26:5-97
31-->[androidx.core:core:1.13.1] AndroidManifest.xml:26:22-94
32
33    <application
33-->src\main\AndroidManifest.xml:20:5-77:19
34        android:name="com.mg4.control.MG4App"
34-->src\main\AndroidManifest.xml:21:9-31
35        android:appComponentFactory="androidx.core.app.CoreComponentFactory"
35-->[androidx.core:core:1.13.1] AndroidManifest.xml:28:18-86
36        android:debuggable="true"
37        android:extractNativeLibs="false"
38        android:icon="@mipmap/ic_launcher"
38-->src\main\AndroidManifest.xml:23:9-43
39        android:label="@string/app_name"
39-->src\main\AndroidManifest.xml:22:9-41
40        android:roundIcon="@mipmap/ic_launcher_round"
40-->src\main\AndroidManifest.xml:24:9-54
41        android:supportsRtl="true"
41-->src\main\AndroidManifest.xml:26:9-35
42        android:theme="@style/Theme.MG4Control" >
42-->src\main\AndroidManifest.xml:25:9-48
43        <activity
43-->src\main\AndroidManifest.xml:28:9-37:20
44            android:name="com.mg4.control.MainActivity"
44-->src\main\AndroidManifest.xml:29:13-41
45            android:exported="true"
45-->src\main\AndroidManifest.xml:30:13-36
46            android:screenOrientation="landscape"
46-->src\main\AndroidManifest.xml:31:13-50
47            android:windowSoftInputMode="adjustPan" >
47-->src\main\AndroidManifest.xml:32:13-52
48            <intent-filter>
48-->src\main\AndroidManifest.xml:33:13-36:29
49                <action android:name="android.intent.action.MAIN" />
49-->src\main\AndroidManifest.xml:34:17-69
49-->src\main\AndroidManifest.xml:34:25-66
50
51                <category android:name="android.intent.category.LAUNCHER" />
51-->src\main\AndroidManifest.xml:35:17-77
51-->src\main\AndroidManifest.xml:35:27-74
52            </intent-filter>
53        </activity>
54
55        <service
55-->src\main\AndroidManifest.xml:39:9-42:46
56            android:name="com.mg4.control.service.MG4ControlService"
56-->src\main\AndroidManifest.xml:40:13-54
57            android:directBootAware="true"
57-->src\main\AndroidManifest.xml:42:13-43
58            android:exported="false" />
58-->src\main\AndroidManifest.xml:41:13-37
59
60        <!-- FileProvider pour ouvrir l'APK dans le gestionnaire de fichiers AAOS -->
61        <provider
61-->src\main\AndroidManifest.xml:45:9-53:20
62            android:name="androidx.core.content.FileProvider"
62-->src\main\AndroidManifest.xml:46:13-62
63            android:authorities="com.mg4.control.fileprovider"
63-->src\main\AndroidManifest.xml:47:13-63
64            android:exported="false"
64-->src\main\AndroidManifest.xml:48:13-37
65            android:grantUriPermissions="true" >
65-->src\main\AndroidManifest.xml:49:13-47
66            <meta-data
66-->src\main\AndroidManifest.xml:50:13-52:63
67                android:name="android.support.FILE_PROVIDER_PATHS"
67-->src\main\AndroidManifest.xml:51:17-67
68                android:resource="@xml/file_provider_paths" />
68-->src\main\AndroidManifest.xml:52:17-60
69        </provider>
70
71        <!-- Récepteur résultat d'installation silencieuse -->
72        <receiver
72-->src\main\AndroidManifest.xml:56:9-62:20
73            android:name="com.mg4.control.update.InstallReceiver"
73-->src\main\AndroidManifest.xml:57:13-51
74            android:exported="false" >
74-->src\main\AndroidManifest.xml:58:13-37
75            <intent-filter>
75-->src\main\AndroidManifest.xml:59:13-61:29
76                <action android:name="com.mg4.control.ACTION_INSTALL_STATUS" />
76-->src\main\AndroidManifest.xml:60:17-80
76-->src\main\AndroidManifest.xml:60:25-77
77            </intent-filter>
78        </receiver>
79        <receiver
79-->src\main\AndroidManifest.xml:64:9-75:20
80            android:name="com.mg4.control.receiver.BootReceiver"
80-->src\main\AndroidManifest.xml:65:13-50
81            android:directBootAware="true"
81-->src\main\AndroidManifest.xml:67:13-43
82            android:exported="true"
82-->src\main\AndroidManifest.xml:66:13-36
83            android:priority="1000" >
83-->src\main\AndroidManifest.xml:68:13-36
84            <intent-filter>
84-->src\main\AndroidManifest.xml:69:13-74:29
85                <action android:name="android.intent.action.BOOT_COMPLETED" />
85-->src\main\AndroidManifest.xml:70:17-79
85-->src\main\AndroidManifest.xml:70:25-76
86                <action android:name="android.intent.action.LOCKED_BOOT_COMPLETED" />
86-->src\main\AndroidManifest.xml:71:17-86
86-->src\main\AndroidManifest.xml:71:25-83
87                <action android:name="android.intent.action.QUICKBOOT_POWERON" />
87-->src\main\AndroidManifest.xml:72:17-82
87-->src\main\AndroidManifest.xml:72:25-79
88                <action android:name="com.htc.intent.action.QUICKBOOT_POWERON" />
88-->src\main\AndroidManifest.xml:73:17-82
88-->src\main\AndroidManifest.xml:73:25-79
89            </intent-filter>
90        </receiver>
91
92        <provider
92-->[androidx.emoji2:emoji2:1.3.0] AndroidManifest.xml:24:9-32:20
93            android:name="androidx.startup.InitializationProvider"
93-->[androidx.emoji2:emoji2:1.3.0] AndroidManifest.xml:25:13-67
94            android:authorities="com.mg4.control.androidx-startup"
94-->[androidx.emoji2:emoji2:1.3.0] AndroidManifest.xml:26:13-68
95            android:exported="false" >
95-->[androidx.emoji2:emoji2:1.3.0] AndroidManifest.xml:27:13-37
96            <meta-data
96-->[androidx.emoji2:emoji2:1.3.0] AndroidManifest.xml:29:13-31:52
97                android:name="androidx.emoji2.text.EmojiCompatInitializer"
97-->[androidx.emoji2:emoji2:1.3.0] AndroidManifest.xml:30:17-75
98                android:value="androidx.startup" />
98-->[androidx.emoji2:emoji2:1.3.0] AndroidManifest.xml:31:17-49
99            <meta-data
99-->[androidx.lifecycle:lifecycle-process:2.8.6] AndroidManifest.xml:29:13-31:52
100                android:name="androidx.lifecycle.ProcessLifecycleInitializer"
100-->[androidx.lifecycle:lifecycle-process:2.8.6] AndroidManifest.xml:30:17-78
101                android:value="androidx.startup" />
101-->[androidx.lifecycle:lifecycle-process:2.8.6] AndroidManifest.xml:31:17-49
102            <meta-data
102-->[androidx.profileinstaller:profileinstaller:1.3.1] AndroidManifest.xml:29:13-31:52
103                android:name="androidx.profileinstaller.ProfileInstallerInitializer"
103-->[androidx.profileinstaller:profileinstaller:1.3.1] AndroidManifest.xml:30:17-85
104                android:value="androidx.startup" />
104-->[androidx.profileinstaller:profileinstaller:1.3.1] AndroidManifest.xml:31:17-49
105        </provider>
106
107        <uses-library
107-->[androidx.window:window:1.0.0] AndroidManifest.xml:25:9-27:40
108            android:name="androidx.window.extensions"
108-->[androidx.window:window:1.0.0] AndroidManifest.xml:26:13-54
109            android:required="false" />
109-->[androidx.window:window:1.0.0] AndroidManifest.xml:27:13-37
110        <uses-library
110-->[androidx.window:window:1.0.0] AndroidManifest.xml:28:9-30:40
111            android:name="androidx.window.sidecar"
111-->[androidx.window:window:1.0.0] AndroidManifest.xml:29:13-51
112            android:required="false" />
112-->[androidx.window:window:1.0.0] AndroidManifest.xml:30:13-37
113
114        <receiver
114-->[androidx.profileinstaller:profileinstaller:1.3.1] AndroidManifest.xml:34:9-52:20
115            android:name="androidx.profileinstaller.ProfileInstallReceiver"
115-->[androidx.profileinstaller:profileinstaller:1.3.1] AndroidManifest.xml:35:13-76
116            android:directBootAware="false"
116-->[androidx.profileinstaller:profileinstaller:1.3.1] AndroidManifest.xml:36:13-44
117            android:enabled="true"
117-->[androidx.profileinstaller:profileinstaller:1.3.1] AndroidManifest.xml:37:13-35
118            android:exported="true"
118-->[androidx.profileinstaller:profileinstaller:1.3.1] AndroidManifest.xml:38:13-36
119            android:permission="android.permission.DUMP" >
119-->[androidx.profileinstaller:profileinstaller:1.3.1] AndroidManifest.xml:39:13-57
120            <intent-filter>
120-->[androidx.profileinstaller:profileinstaller:1.3.1] AndroidManifest.xml:40:13-42:29
121                <action android:name="androidx.profileinstaller.action.INSTALL_PROFILE" />
121-->[androidx.profileinstaller:profileinstaller:1.3.1] AndroidManifest.xml:41:17-91
121-->[androidx.profileinstaller:profileinstaller:1.3.1] AndroidManifest.xml:41:25-88
122            </intent-filter>
123            <intent-filter>
123-->[androidx.profileinstaller:profileinstaller:1.3.1] AndroidManifest.xml:43:13-45:29
124                <action android:name="androidx.profileinstaller.action.SKIP_FILE" />
124-->[androidx.profileinstaller:profileinstaller:1.3.1] AndroidManifest.xml:44:17-85
124-->[androidx.profileinstaller:profileinstaller:1.3.1] AndroidManifest.xml:44:25-82
125            </intent-filter>
126            <intent-filter>
126-->[androidx.profileinstaller:profileinstaller:1.3.1] AndroidManifest.xml:46:13-48:29
127                <action android:name="androidx.profileinstaller.action.SAVE_PROFILE" />
127-->[androidx.profileinstaller:profileinstaller:1.3.1] AndroidManifest.xml:47:17-88
127-->[androidx.profileinstaller:profileinstaller:1.3.1] AndroidManifest.xml:47:25-85
128            </intent-filter>
129            <intent-filter>
129-->[androidx.profileinstaller:profileinstaller:1.3.1] AndroidManifest.xml:49:13-51:29
130                <action android:name="androidx.profileinstaller.action.BENCHMARK_OPERATION" />
130-->[androidx.profileinstaller:profileinstaller:1.3.1] AndroidManifest.xml:50:17-95
130-->[androidx.profileinstaller:profileinstaller:1.3.1] AndroidManifest.xml:50:25-92
131            </intent-filter>
132        </receiver>
133    </application>
134
135</manifest>